<?xml version="1.0" encoding="UTF-8"?>
<!-- Generated by org.testng.reporters.JUnitReportReporter -->
<testsuite hostname="TLTAnh-AORUS" failures="0" tests="3" name="com.baby.core.test.CreateAccountTest" time="0.046" errors="0" timestamp="2024-06-14T14:30:12 ICT" skipped="0">
  <testcase classname="com.baby.core.test.CreateAccountTest" name="testCreateAccount_InvalidInfo_Failure" time="0.002"/>
  <testcase classname="com.baby.core.test.CreateAccountTest" name="testCreateAccount_ValidInfo_Success" time="0.006"/>
  <testcase classname="com.baby.core.test.CreateAccountTest" name="testCreateAccount_ExistingAccount_Failure" time="0.038"/>
</testsuite> <!-- com.baby.core.test.CreateAccountTest -->
